<?xml version="1.0" encoding="UTF-8"?>
<!-- Generated by org.testng.reporters.JUnitReportReporter -->
<testsuite skipped="0" hostname="HIBAML50141" name="JenkinsTest" tests="1" failures="0" timestamp="07 Jul 2019 08:32:59 GMT" time="34.301" errors="0">
  <testcase name="browserlaunch" time="34.301" classname="JenkinsTest"/>
</testsuite> <!-- JenkinsTest -->
