<?xml version="1.0" encoding="UTF-8"?>
<!-- Generated by org.testng.reporters.JUnitReportReporter -->
<testsuite hostname="HIBAML50141" name="com.Jenkinstest.JenkinsTest" tests="1" failures="0" timestamp="10 Jul 2019 15:13:20 GMT" time="32.806" errors="0">
  <testcase name="browserlaunch" time="32.806" classname="com.Jenkinstest.JenkinsTest"/>
</testsuite> <!-- com.Jenkinstest.JenkinsTest -->
